
*** Running vivado
    with args -log terminal_top.vdi -applog -m64 -product Vivado -messageDb vivado.pb -mode batch -source terminal_top.tcl -notrace


****** Vivado v2018.3 (64-bit)
  **** SW Build 2405991 on Thu Dec  6 23:38:27 MST 2018
  **** IP Build 2404404 on Fri Dec  7 01:43:56 MST 2018
    ** Copyright 1986-2018 Xilinx, Inc. All Rights Reserved.

source terminal_top.tcl -notrace
Command: link_design -top terminal_top -part xc7z010clg400-2
Design is defaulting to srcset: sources_1
Design is defaulting to constrset: constrs_1
INFO: [Netlist 29-17] Analyzing 17 Unisim elements for replacement
INFO: [Netlist 29-28] Unisim Transformation completed in 0 CPU seconds
INFO: [Project 1-479] Netlist was created with Vivado 2018.3
INFO: [Device 21-403] Loading part xc7z010clg400-2
INFO: [Project 1-570] Preparing netlist for logic optimization
Parsing XDC File [D:/Alex/Documents/RISC-V-Processor/terminal/terminal.srcs/constrs_1/imports/2/ZYBO_Master.xdc]
Finished Parsing XDC File [D:/Alex/Documents/RISC-V-Processor/terminal/terminal.srcs/constrs_1/imports/2/ZYBO_Master.xdc]
INFO: [Opt 31-138] Pushed 0 inverter(s) to 0 load pin(s).
Netlist sorting complete. Time (s): cpu = 00:00:00 ; elapsed = 00:00:00 . Memory (MB): peak = 568.543 ; gain = 0.000
INFO: [Project 1-111] Unisim Transformation Summary:
No Unisim elements were transformed.

7 Infos, 0 Warnings, 0 Critical Warnings and 0 Errors encountered.
link_design completed successfully
link_design: Time (s): cpu = 00:00:06 ; elapsed = 00:00:07 . Memory (MB): peak = 572.551 ; gain = 317.805
Command: opt_design
Attempting to get a license for feature 'Implementation' and/or device 'xc7z010'
INFO: [Common 17-349] Got license for feature 'Implementation' and/or device 'xc7z010'
Running DRC as a precondition to command opt_design

Starting DRC Task
INFO: [DRC 23-27] Running DRC with 2 threads
INFO: [Project 1-461] DRC finished with 0 Errors
INFO: [Project 1-462] Please refer to the DRC report (report_drc) for more information.

Time (s): cpu = 00:00:01 ; elapsed = 00:00:00.891 . Memory (MB): peak = 581.348 ; gain = 8.797

Starting Cache Timing Information Task
INFO: [Timing 38-35] Done setting XDC timing constraints.
Ending Cache Timing Information Task | Checksum: b1405963

Time (s): cpu = 00:00:10 ; elapsed = 00:00:11 . Memory (MB): peak = 1106.879 ; gain = 525.531

Starting Logic Optimization Task

Phase 1 Retarget
INFO: [Opt 31-138] Pushed 0 inverter(s) to 0 load pin(s).
INFO: [Opt 31-49] Retargeted 0 cell(s).
Phase 1 Retarget | Checksum: b1405963

Time (s): cpu = 00:00:00 ; elapsed = 00:00:00.218 . Memory (MB): peak = 1202.938 ; gain = 0.000
INFO: [Opt 31-389] Phase Retarget created 0 cells and removed 0 cells

Phase 2 Constant propagation
INFO: [Opt 31-138] Pushed 0 inverter(s) to 0 load pin(s).
Phase 2 Constant propagation | Checksum: d9a66ff3

Time (s): cpu = 00:00:00 ; elapsed = 00:00:00.397 . Memory (MB): peak = 1202.938 ; gain = 0.000
INFO: [Opt 31-389] Phase Constant propagation created 0 cells and removed 0 cells

Phase 3 Sweep
Phase 3 Sweep | Checksum: e689b1c0

Time (s): cpu = 00:00:00 ; elapsed = 00:00:00.571 . Memory (MB): peak = 1202.938 ; gain = 0.000
INFO: [Opt 31-389] Phase Sweep created 7 cells and removed 0 cells

Phase 4 BUFG optimization
Phase 4 BUFG optimization | Checksum: e689b1c0

Time (s): cpu = 00:00:00 ; elapsed = 00:00:00.644 . Memory (MB): peak = 1202.938 ; gain = 0.000
INFO: [Opt 31-662] Phase BUFG optimization created 0 cells of which 0 are BUFGs and removed 0 cells.

Phase 5 Shift Register Optimization
Phase 5 Shift Register Optimization | Checksum: 120f9440c

Time (s): cpu = 00:00:00 ; elapsed = 00:00:00.740 . Memory (MB): peak = 1202.938 ; gain = 0.000
INFO: [Opt 31-389] Phase Shift Register Optimization created 0 cells and removed 0 cells

Phase 6 Post Processing Netlist
Phase 6 Post Processing Netlist | Checksum: 19f3205f1

Time (s): cpu = 00:00:00 ; elapsed = 00:00:00.748 . Memory (MB): peak = 1202.938 ; gain = 0.000
INFO: [Opt 31-389] Phase Post Processing Netlist created 0 cells and removed 0 cells
Opt_design Change Summary
=========================


-------------------------------------------------------------------------------------------------------------------------
|  Phase                        |  #Cells created  |  #Cells Removed  |  #Constrained objects preventing optimizations  |
-------------------------------------------------------------------------------------------------------------------------
|  Retarget                     |               0  |               0  |                                              0  |
|  Constant propagation         |               0  |               0  |                                              0  |
|  Sweep                        |               7  |               0  |                                              0  |
|  BUFG optimization            |               0  |               0  |                                              0  |
|  Shift Register Optimization  |               0  |               0  |                                              0  |
|  Post Processing Netlist      |               0  |               0  |                                              0  |
-------------------------------------------------------------------------------------------------------------------------



Starting Connectivity Check Task

Time (s): cpu = 00:00:00 ; elapsed = 00:00:00.001 . Memory (MB): peak = 1202.938 ; gain = 0.000
Ending Logic Optimization Task | Checksum: 112cd449f

Time (s): cpu = 00:00:00 ; elapsed = 00:00:00.753 . Memory (MB): peak = 1202.938 ; gain = 0.000

Starting Power Optimization Task
INFO: [Pwropt 34-132] Skipping clock gating for clocks with a period < 2.00 ns.
INFO: [Pwropt 34-9] Applying IDT optimizations ...
INFO: [Pwropt 34-10] Applying ODC optimizations ...
INFO: [Timing 38-35] Done setting XDC timing constraints.
INFO: [Physopt 32-619] Estimated Timing Summary | WNS=0.000 | TNS=0.000 |
WARNING: [Power 33-232] No user defined clocks were found in the design!
Resolution: Please specify clocks using create_clock/create_generated_clock for sequential elements. For pure combinatorial circuits, please specify a virtual clock, otherwise the vectorless estimation might be inaccurate
Running Vector-less Activity Propagation...

Finished Running Vector-less Activity Propagation


Starting PowerOpt Patch Enables Task
INFO: [Pwropt 34-162] WRITE_MODE attribute of 0 BRAM(s) out of a total of 1 has been updated to save power. Run report_power_opt to get a complete listing of the BRAMs updated.
INFO: [Pwropt 34-201] Structural ODC has moved 0 WE to EN ports
Number of BRAM Ports augmented: 0 newly gated: 0 Total Ports: 2
Ending PowerOpt Patch Enables Task | Checksum: 112cd449f

Time (s): cpu = 00:00:00 ; elapsed = 00:00:00.013 . Memory (MB): peak = 1317.602 ; gain = 0.000
Ending Power Optimization Task | Checksum: 112cd449f

Time (s): cpu = 00:00:01 ; elapsed = 00:00:02 . Memory (MB): peak = 1317.602 ; gain = 114.664

Starting Final Cleanup Task
Ending Final Cleanup Task | Checksum: 112cd449f

Time (s): cpu = 00:00:00 ; elapsed = 00:00:00 . Memory (MB): peak = 1317.602 ; gain = 0.000

Starting Netlist Obfuscation Task
Netlist sorting complete. Time (s): cpu = 00:00:00 ; elapsed = 00:00:00 . Memory (MB): peak = 1317.602 ; gain = 0.000
Ending Netlist Obfuscation Task | Checksum: 112cd449f

Time (s): cpu = 00:00:00 ; elapsed = 00:00:00 . Memory (MB): peak = 1317.602 ; gain = 0.000
INFO: [Common 17-83] Releasing license: Implementation
29 Infos, 1 Warnings, 0 Critical Warnings and 0 Errors encountered.
opt_design completed successfully
opt_design: Time (s): cpu = 00:00:13 ; elapsed = 00:00:16 . Memory (MB): peak = 1317.602 ; gain = 745.051
Netlist sorting complete. Time (s): cpu = 00:00:00 ; elapsed = 00:00:00 . Memory (MB): peak = 1317.602 ; gain = 0.000
INFO: [Timing 38-480] Writing timing data to binary archive.
Netlist sorting complete. Time (s): cpu = 00:00:00 ; elapsed = 00:00:00 . Memory (MB): peak = 1317.602 ; gain = 0.000
INFO: [Common 17-1381] The checkpoint 'D:/Alex/Documents/RISC-V-Processor/terminal/terminal.runs/impl_1/terminal_top_opt.dcp' has been generated.
INFO: [runtcl-4] Executing : report_drc -file terminal_top_drc_opted.rpt -pb terminal_top_drc_opted.pb -rpx terminal_top_drc_opted.rpx
Command: report_drc -file terminal_top_drc_opted.rpt -pb terminal_top_drc_opted.pb -rpx terminal_top_drc_opted.rpx
INFO: [IP_Flow 19-234] Refreshing IP repositories
INFO: [IP_Flow 19-1704] No user IP repositories specified
INFO: [IP_Flow 19-2313] Loaded Vivado IP repository 'D:/Xilinx2018.3/Xilinx/Vivado/2018.3/data/ip'.
INFO: [DRC 23-27] Running DRC with 2 threads
INFO: [Coretcl 2-168] The results of DRC are in file D:/Alex/Documents/RISC-V-Processor/terminal/terminal.runs/impl_1/terminal_top_drc_opted.rpt.
report_drc completed successfully
Command: place_design
Attempting to get a license for feature 'Implementation' and/or device 'xc7z010'
INFO: [Common 17-349] Got license for feature 'Implementation' and/or device 'xc7z010'
INFO: [DRC 23-27] Running DRC with 2 threads
INFO: [Vivado_Tcl 4-198] DRC finished with 0 Errors
INFO: [Vivado_Tcl 4-199] Please refer to the DRC report (report_drc) for more information.
Running DRC as a precondition to command place_design
INFO: [DRC 23-27] Running DRC with 2 threads
INFO: [Vivado_Tcl 4-198] DRC finished with 0 Errors
INFO: [Vivado_Tcl 4-199] Please refer to the DRC report (report_drc) for more information.

Starting Placer Task
INFO: [Place 30-611] Multithreading enabled for place_design using a maximum of 2 CPUs

Phase 1 Placer Initialization

Phase 1.1 Placer Initialization Netlist Sorting
Netlist sorting complete. Time (s): cpu = 00:00:00 ; elapsed = 00:00:00.001 . Memory (MB): peak = 1317.602 ; gain = 0.000
Phase 1.1 Placer Initialization Netlist Sorting | Checksum: fd9c764d

Time (s): cpu = 00:00:00 ; elapsed = 00:00:00.105 . Memory (MB): peak = 1317.602 ; gain = 0.000
Netlist sorting complete. Time (s): cpu = 00:00:00 ; elapsed = 00:00:00 . Memory (MB): peak = 1317.602 ; gain = 0.000

Phase 1.2 IO Placement/ Clock Placement/ Build Placer Device
INFO: [Timing 38-35] Done setting XDC timing constraints.
Phase 1.2 IO Placement/ Clock Placement/ Build Placer Device | Checksum: ee69f40c

Time (s): cpu = 00:00:01 ; elapsed = 00:00:01 . Memory (MB): peak = 1317.602 ; gain = 0.000

Phase 1.3 Build Placer Netlist Model
Phase 1.3 Build Placer Netlist Model | Checksum: 11726d3ac

Time (s): cpu = 00:00:01 ; elapsed = 00:00:01 . Memory (MB): peak = 1317.602 ; gain = 0.000

Phase 1.4 Constrain Clocks/Macros
Phase 1.4 Constrain Clocks/Macros | Checksum: 11726d3ac

Time (s): cpu = 00:00:01 ; elapsed = 00:00:01 . Memory (MB): peak = 1317.602 ; gain = 0.000
Phase 1 Placer Initialization | Checksum: 11726d3ac

Time (s): cpu = 00:00:01 ; elapsed = 00:00:01 . Memory (MB): peak = 1317.602 ; gain = 0.000

Phase 2 Global Placement

Phase 2.1 Floorplanning
Phase 2.1 Floorplanning | Checksum: 11726d3ac

Time (s): cpu = 00:00:01 ; elapsed = 00:00:01 . Memory (MB): peak = 1317.602 ; gain = 0.000
WARNING: [Place 46-29] place_design is not in timing mode. Skip physical synthesis in placer
Phase 2 Global Placement | Checksum: 19fdf790b

Time (s): cpu = 00:00:02 ; elapsed = 00:00:02 . Memory (MB): peak = 1317.602 ; gain = 0.000

Phase 3 Detail Placement

Phase 3.1 Commit Multi Column Macros
Phase 3.1 Commit Multi Column Macros | Checksum: 19fdf790b

Time (s): cpu = 00:00:02 ; elapsed = 00:00:02 . Memory (MB): peak = 1317.602 ; gain = 0.000

Phase 3.2 Commit Most Macros & LUTRAMs
Phase 3.2 Commit Most Macros & LUTRAMs | Checksum: efb20aca

Time (s): cpu = 00:00:02 ; elapsed = 00:00:02 . Memory (MB): peak = 1317.602 ; gain = 0.000

Phase 3.3 Area Swap Optimization
Phase 3.3 Area Swap Optimization | Checksum: 121017c44

Time (s): cpu = 00:00:02 ; elapsed = 00:00:02 . Memory (MB): peak = 1317.602 ; gain = 0.000

Phase 3.4 Pipeline Register Optimization
Phase 3.4 Pipeline Register Optimization | Checksum: 121017c44

Time (s): cpu = 00:00:02 ; elapsed = 00:00:02 . Memory (MB): peak = 1317.602 ; gain = 0.000

Phase 3.5 Small Shape Detail Placement
Phase 3.5 Small Shape Detail Placement | Checksum: 1c1e63017

Time (s): cpu = 00:00:02 ; elapsed = 00:00:02 . Memory (MB): peak = 1317.602 ; gain = 0.000

Phase 3.6 Re-assign LUT pins
Phase 3.6 Re-assign LUT pins | Checksum: 1c1e63017

Time (s): cpu = 00:00:02 ; elapsed = 00:00:02 . Memory (MB): peak = 1317.602 ; gain = 0.000

Phase 3.7 Pipeline Register Optimization
Phase 3.7 Pipeline Register Optimization | Checksum: 1c1e63017

Time (s): cpu = 00:00:02 ; elapsed = 00:00:02 . Memory (MB): peak = 1317.602 ; gain = 0.000
Phase 3 Detail Placement | Checksum: 1c1e63017

Time (s): cpu = 00:00:02 ; elapsed = 00:00:02 . Memory (MB): peak = 1317.602 ; gain = 0.000

Phase 4 Post Placement Optimization and Clean-Up

Phase 4.1 Post Commit Optimization
Phase 4.1 Post Commit Optimization | Checksum: 1c1e63017

Time (s): cpu = 00:00:02 ; elapsed = 00:00:02 . Memory (MB): peak = 1317.602 ; gain = 0.000

Phase 4.2 Post Placement Cleanup
Phase 4.2 Post Placement Cleanup | Checksum: 1c1e63017

Time (s): cpu = 00:00:02 ; elapsed = 00:00:02 . Memory (MB): peak = 1317.602 ; gain = 0.000

Phase 4.3 Placer Reporting
Phase 4.3 Placer Reporting | Checksum: 1c1e63017

Time (s): cpu = 00:00:02 ; elapsed = 00:00:02 . Memory (MB): peak = 1317.602 ; gain = 0.000

Phase 4.4 Final Placement Cleanup
Netlist sorting complete. Time (s): cpu = 00:00:00 ; elapsed = 00:00:00 . Memory (MB): peak = 1317.602 ; gain = 0.000
Phase 4.4 Final Placement Cleanup | Checksum: 1852f8e4d

Time (s): cpu = 00:00:02 ; elapsed = 00:00:02 . Memory (MB): peak = 1317.602 ; gain = 0.000
Phase 4 Post Placement Optimization and Clean-Up | Checksum: 1852f8e4d

Time (s): cpu = 00:00:02 ; elapsed = 00:00:02 . Memory (MB): peak = 1317.602 ; gain = 0.000
Ending Placer Task | Checksum: 11d8546b6

Time (s): cpu = 00:00:03 ; elapsed = 00:00:02 . Memory (MB): peak = 1317.602 ; gain = 0.000
INFO: [Common 17-83] Releasing license: Implementation
47 Infos, 2 Warnings, 0 Critical Warnings and 0 Errors encountered.
place_design completed successfully
Netlist sorting complete. Time (s): cpu = 00:00:00 ; elapsed = 00:00:00.001 . Memory (MB): peak = 1317.602 ; gain = 0.000
INFO: [Timing 38-480] Writing timing data to binary archive.
Writing placer database...
Writing XDEF routing.
Writing XDEF routing logical nets.
Writing XDEF routing special nets.
Write XDEF Complete: Time (s): cpu = 00:00:00 ; elapsed = 00:00:00.089 . Memory (MB): peak = 1317.602 ; gain = 0.000
Netlist sorting complete. Time (s): cpu = 00:00:00 ; elapsed = 00:00:00.001 . Memory (MB): peak = 1317.602 ; gain = 0.000
INFO: [Common 17-1381] The checkpoint 'D:/Alex/Documents/RISC-V-Processor/terminal/terminal.runs/impl_1/terminal_top_placed.dcp' has been generated.
INFO: [runtcl-4] Executing : report_io -file terminal_top_io_placed.rpt
report_io: Time (s): cpu = 00:00:00 ; elapsed = 00:00:00.089 . Memory (MB): peak = 1317.602 ; gain = 0.000
INFO: [runtcl-4] Executing : report_utilization -file terminal_top_utilization_placed.rpt -pb terminal_top_utilization_placed.pb
INFO: [runtcl-4] Executing : report_control_sets -verbose -file terminal_top_control_sets_placed.rpt
report_control_sets: Time (s): cpu = 00:00:00 ; elapsed = 00:00:00.011 . Memory (MB): peak = 1317.602 ; gain = 0.000
Command: route_design
Attempting to get a license for feature 'Implementation' and/or device 'xc7z010'
INFO: [Common 17-349] Got license for feature 'Implementation' and/or device 'xc7z010'
Running DRC as a precondition to command route_design
INFO: [DRC 23-27] Running DRC with 2 threads
INFO: [Vivado_Tcl 4-198] DRC finished with 0 Errors
INFO: [Vivado_Tcl 4-199] Please refer to the DRC report (report_drc) for more information.


Starting Routing Task
INFO: [Route 35-254] Multithreading enabled for route_design using a maximum of 2 CPUs
Checksum: PlaceDB: 91b23bde ConstDB: 0 ShapeSum: 8bd30ad8 RouteDB: 0

Phase 1 Build RT Design
Phase 1 Build RT Design | Checksum: 125a501f5

Time (s): cpu = 00:00:14 ; elapsed = 00:00:14 . Memory (MB): peak = 1317.602 ; gain = 0.000
Post Restoration Checksum: NetGraph: ff1d5891 NumContArr: 2687a964 Constraints: 0 Timing: 0

Phase 2 Router Initialization
INFO: [Route 35-64] No timing constraints were detected. The router will operate in resource-optimization mode.

Phase 2.1 Fix Topology Constraints
Phase 2.1 Fix Topology Constraints | Checksum: 125a501f5

Time (s): cpu = 00:00:14 ; elapsed = 00:00:14 . Memory (MB): peak = 1317.602 ; gain = 0.000

Phase 2.2 Pre Route Cleanup
Phase 2.2 Pre Route Cleanup | Checksum: 125a501f5

Time (s): cpu = 00:00:14 ; elapsed = 00:00:14 . Memory (MB): peak = 1317.602 ; gain = 0.000
 Number of Nodes with overlaps = 0
Phase 2 Router Initialization | Checksum: 13d59cc3a

Time (s): cpu = 00:00:15 ; elapsed = 00:00:14 . Memory (MB): peak = 1317.602 ; gain = 0.000

Phase 3 Initial Routing
Phase 3 Initial Routing | Checksum: 7b9d9433

Time (s): cpu = 00:00:15 ; elapsed = 00:00:14 . Memory (MB): peak = 1317.602 ; gain = 0.000

Phase 4 Rip-up And Reroute

Phase 4.1 Global Iteration 0
 Number of Nodes with overlaps = 6
 Number of Nodes with overlaps = 0
Phase 4.1 Global Iteration 0 | Checksum: 8fd8bb16

Time (s): cpu = 00:00:15 ; elapsed = 00:00:14 . Memory (MB): peak = 1317.602 ; gain = 0.000
Phase 4 Rip-up And Reroute | Checksum: 8fd8bb16

Time (s): cpu = 00:00:15 ; elapsed = 00:00:14 . Memory (MB): peak = 1317.602 ; gain = 0.000

Phase 5 Delay and Skew Optimization
Phase 5 Delay and Skew Optimization | Checksum: 8fd8bb16

Time (s): cpu = 00:00:15 ; elapsed = 00:00:14 . Memory (MB): peak = 1317.602 ; gain = 0.000

Phase 6 Post Hold Fix

Phase 6.1 Hold Fix Iter
Phase 6.1 Hold Fix Iter | Checksum: 8fd8bb16

Time (s): cpu = 00:00:15 ; elapsed = 00:00:14 . Memory (MB): peak = 1317.602 ; gain = 0.000
Phase 6 Post Hold Fix | Checksum: 8fd8bb16

Time (s): cpu = 00:00:15 ; elapsed = 00:00:14 . Memory (MB): peak = 1317.602 ; gain = 0.000

Phase 7 Route finalize

Router Utilization Summary
  Global Vertical Routing Utilization    = 0.09192 %
  Global Horizontal Routing Utilization  = 0.0505515 %
  Routable Net Status*
  *Does not include unroutable nets such as driverless and loadless.
  Run report_route_status for detailed report.
  Number of Failed Nets               = 0
  Number of Unrouted Nets             = 0
  Number of Partially Routed Nets     = 0
  Number of Node Overlaps             = 0

Congestion Report
North Dir 1x1 Area, Max Cong = 23.4234%, No Congested Regions.
South Dir 1x1 Area, Max Cong = 21.6216%, No Congested Regions.
East Dir 1x1 Area, Max Cong = 23.5294%, No Congested Regions.
West Dir 1x1 Area, Max Cong = 14.7059%, No Congested Regions.

------------------------------
Reporting congestion hotspots
------------------------------
Direction: North
----------------
Congested clusters found at Level 0
Effective congestion level: 0 Aspect Ratio: 1 Sparse Ratio: 0
Direction: South
----------------
Congested clusters found at Level 0
Effective congestion level: 0 Aspect Ratio: 1 Sparse Ratio: 0
Direction: East
----------------
Congested clusters found at Level 0
Effective congestion level: 0 Aspect Ratio: 1 Sparse Ratio: 0
Direction: West
----------------
Congested clusters found at Level 0
Effective congestion level: 0 Aspect Ratio: 1 Sparse Ratio: 0

Phase 7 Route finalize | Checksum: 8fd8bb16

Time (s): cpu = 00:00:15 ; elapsed = 00:00:14 . Memory (MB): peak = 1317.602 ; gain = 0.000

Phase 8 Verifying routed nets

 Verification completed successfully
Phase 8 Verifying routed nets | Checksum: 8fd8bb16

Time (s): cpu = 00:00:15 ; elapsed = 00:00:14 . Memory (MB): peak = 1317.602 ; gain = 0.000

Phase 9 Depositing Routes
Phase 9 Depositing Routes | Checksum: 44ae2e75

Time (s): cpu = 00:00:15 ; elapsed = 00:00:14 . Memory (MB): peak = 1317.602 ; gain = 0.000
INFO: [Route 35-16] Router Completed Successfully

Time (s): cpu = 00:00:15 ; elapsed = 00:00:14 . Memory (MB): peak = 1317.602 ; gain = 0.000

Routing Is Done.
INFO: [Common 17-83] Releasing license: Implementation
60 Infos, 2 Warnings, 0 Critical Warnings and 0 Errors encountered.
route_design completed successfully
route_design: Time (s): cpu = 00:00:17 ; elapsed = 00:00:15 . Memory (MB): peak = 1317.602 ; gain = 0.000
Netlist sorting complete. Time (s): cpu = 00:00:00 ; elapsed = 00:00:00 . Memory (MB): peak = 1317.602 ; gain = 0.000
INFO: [Timing 38-480] Writing timing data to binary archive.
Writing placer database...
Writing XDEF routing.
Writing XDEF routing logical nets.
Netlist sorting complete. Time (s): cpu = 00:00:00 ; elapsed = 00:00:00 . Memory (MB): peak = 1317.602 ; gain = 0.000
Writing XDEF routing special nets.
Write XDEF Complete: Time (s): cpu = 00:00:00 ; elapsed = 00:00:00.105 . Memory (MB): peak = 1317.602 ; gain = 0.000
INFO: [Common 17-1381] The checkpoint 'D:/Alex/Documents/RISC-V-Processor/terminal/terminal.runs/impl_1/terminal_top_routed.dcp' has been generated.
INFO: [runtcl-4] Executing : report_drc -file terminal_top_drc_routed.rpt -pb terminal_top_drc_routed.pb -rpx terminal_top_drc_routed.rpx
Command: report_drc -file terminal_top_drc_routed.rpt -pb terminal_top_drc_routed.pb -rpx terminal_top_drc_routed.rpx
INFO: [IP_Flow 19-1839] IP Catalog is up to date.
INFO: [DRC 23-27] Running DRC with 2 threads
INFO: [Coretcl 2-168] The results of DRC are in file D:/Alex/Documents/RISC-V-Processor/terminal/terminal.runs/impl_1/terminal_top_drc_routed.rpt.
report_drc completed successfully
INFO: [runtcl-4] Executing : report_methodology -file terminal_top_methodology_drc_routed.rpt -pb terminal_top_methodology_drc_routed.pb -rpx terminal_top_methodology_drc_routed.rpx
Command: report_methodology -file terminal_top_methodology_drc_routed.rpt -pb terminal_top_methodology_drc_routed.pb -rpx terminal_top_methodology_drc_routed.rpx
INFO: [Timing 38-35] Done setting XDC timing constraints.
INFO: [DRC 23-133] Running Methodology with 2 threads
INFO: [Coretcl 2-1520] The results of Report Methodology are in file D:/Alex/Documents/RISC-V-Processor/terminal/terminal.runs/impl_1/terminal_top_methodology_drc_routed.rpt.
report_methodology completed successfully
INFO: [runtcl-4] Executing : report_power -file terminal_top_power_routed.rpt -pb terminal_top_power_summary_routed.pb -rpx terminal_top_power_routed.rpx
Command: report_power -file terminal_top_power_routed.rpt -pb terminal_top_power_summary_routed.pb -rpx terminal_top_power_routed.rpx
WARNING: [Power 33-232] No user defined clocks were found in the design!
Resolution: Please specify clocks using create_clock/create_generated_clock for sequential elements. For pure combinatorial circuits, please specify a virtual clock, otherwise the vectorless estimation might be inaccurate
INFO: [Timing 38-35] Done setting XDC timing constraints.
Running Vector-less Activity Propagation...

Finished Running Vector-less Activity Propagation
72 Infos, 3 Warnings, 0 Critical Warnings and 0 Errors encountered.
report_power completed successfully
INFO: [runtcl-4] Executing : report_route_status -file terminal_top_route_status.rpt -pb terminal_top_route_status.pb
INFO: [runtcl-4] Executing : report_timing_summary -max_paths 10 -file terminal_top_timing_summary_routed.rpt -pb terminal_top_timing_summary_routed.pb -rpx terminal_top_timing_summary_routed.rpx -warn_on_violation 
INFO: [Timing 38-91] UpdateTimingParams: Speed grade: -2, Delay Type: min_max.
INFO: [Timing 38-191] Multithreading enabled for timing update using a maximum of 2 CPUs
WARNING: [Timing 38-313] There are no user specified timing constraints. Timing constraints are needed for proper timing analysis.
INFO: [runtcl-4] Executing : report_incremental_reuse -file terminal_top_incremental_reuse_routed.rpt
INFO: [Vivado_Tcl 4-1062] Incremental flow is disabled. No incremental reuse Info to report.
INFO: [runtcl-4] Executing : report_clock_utilization -file terminal_top_clock_utilization_routed.rpt
INFO: [runtcl-4] Executing : report_bus_skew -warn_on_violation -file terminal_top_bus_skew_routed.rpt -pb terminal_top_bus_skew_routed.pb -rpx terminal_top_bus_skew_routed.rpx
INFO: [Timing 38-91] UpdateTimingParams: Speed grade: -2, Delay Type: min_max.
INFO: [Timing 38-191] Multithreading enabled for timing update using a maximum of 2 CPUs
INFO: [Common 17-206] Exiting Vivado at Tue Apr  2 13:47:59 2019...
